  Cards.cpp
C:\Users\adria\OneDrive\Desktop\COMP 345\COMP345-Assignment1\COMP345 - PROJECT\assignment1\Cards.cpp(19,20): warning C4018: '<': signed/unsigned mismatch
C:\Users\adria\OneDrive\Desktop\COMP 345\COMP345-Assignment1\COMP345 - PROJECT\assignment1\Cards.cpp(112,20): warning C4018: '<': signed/unsigned mismatch
C:\Users\adria\OneDrive\Desktop\COMP 345\COMP345-Assignment1\COMP345 - PROJECT\assignment1\Cards.cpp(192,20): warning C4018: '<': signed/unsigned mismatch
C:\Users\adria\OneDrive\Desktop\COMP 345\COMP345-Assignment1\COMP345 - PROJECT\assignment1\Cards.cpp(202,20): warning C4018: '<': signed/unsigned mismatch
  Map.cpp
  MapDriver.cpp
  MapLoader.cpp
C:\Users\adria\OneDrive\Desktop\COMP 345\COMP345-Assignment1\COMP345 - PROJECT\assignment1\MapLoader.cpp(149,22): warning C4018: '<': signed/unsigned mismatch
C:\Users\adria\OneDrive\Desktop\COMP 345\COMP345-Assignment1\COMP345 - PROJECT\assignment1\MapLoader.cpp(170,23): warning C4018: '<': signed/unsigned mismatch
C:\Users\adria\OneDrive\Desktop\COMP 345\COMP345-Assignment1\COMP345 - PROJECT\assignment1\MapLoader.cpp(211,21): warning C4018: '<': signed/unsigned mismatch
C:\Users\adria\OneDrive\Desktop\COMP 345\COMP345-Assignment1\COMP345 - PROJECT\assignment1\MapLoader.cpp(216,21): warning C4018: '<': signed/unsigned mismatch
C:\Users\adria\OneDrive\Desktop\COMP 345\COMP345-Assignment1\COMP345 - PROJECT\assignment1\MapLoader.cpp(219,22): warning C4018: '<': signed/unsigned mismatch
C:\Users\adria\OneDrive\Desktop\COMP 345\COMP345-Assignment1\COMP345 - PROJECT\assignment1\MapLoader.cpp(227,21): warning C4018: '<': signed/unsigned mismatch
C:\Users\adria\OneDrive\Desktop\COMP 345\COMP345-Assignment1\COMP345 - PROJECT\assignment1\MapLoader.cpp(234,21): warning C4018: '<': signed/unsigned mismatch
C:\Users\adria\OneDrive\Desktop\COMP 345\COMP345-Assignment1\COMP345 - PROJECT\assignment1\MapLoader.cpp(237,44): warning C4018: '<': signed/unsigned mismatch
C:\Users\adria\OneDrive\Desktop\COMP 345\COMP345-Assignment1\COMP345 - PROJECT\assignment1\MapLoader.cpp(252,21): warning C4018: '<': signed/unsigned mismatch
  Orders.cpp
  Player.cpp
C:\Users\adria\OneDrive\Desktop\COMP 345\COMP345-Assignment1\COMP345 - PROJECT\assignment1\Player.cpp(42,23): warning C4154: deletion of an array expression; conversion to pointer supplied
C:\Users\adria\OneDrive\Desktop\COMP 345\COMP345-Assignment1\COMP345 - PROJECT\assignment1\Player.cpp(43,33): warning C4154: deletion of an array expression; conversion to pointer supplied
C:\Users\adria\OneDrive\Desktop\COMP 345\COMP345-Assignment1\COMP345 - PROJECT\assignment1\Player.cpp(44,33): warning C4154: deletion of an array expression; conversion to pointer supplied
C:\Users\adria\OneDrive\Desktop\COMP 345\COMP345-Assignment1\COMP345 - PROJECT\assignment1\Player.cpp(55,20): warning C4018: '<': signed/unsigned mismatch
C:\Users\adria\OneDrive\Desktop\COMP 345\COMP345-Assignment1\COMP345 - PROJECT\assignment1\Player.cpp(125,20): warning C4018: '<': signed/unsigned mismatch
  Generating Code...
  assignment1.vcxproj -> C:\Users\adria\OneDrive\Desktop\COMP 345\COMP345-Assignment1\COMP345 - PROJECT\Debug\assignment1.exe
